{"numFailedTestSuites":1,"numFailedTests":2,"numPassedTestSuites":0,"numPassedTests":29,"numPendingTestSuites":0,"numPendingTests":0,"numRuntimeErrorTestSuites":0,"numTodoTests":0,"numTotalTestSuites":1,"numTotalTests":31,"openHandles":[],"snapshot":{"added":0,"didUpdate":false,"failure":false,"filesAdded":0,"filesRemoved":0,"filesRemovedList":[],"filesUnmatched":0,"filesUpdated":0,"matched":0,"total":0,"unchecked":0,"uncheckedKeysByFile":[],"unmatched":0,"updated":0},"startTime":1787573532659,"success":false,"testResults":[{"assertionResults":[{"ancestorTitles":["OracleService","challengeReport"],"duration":24,"failureDetails":[],"failureMessages":[],"fullName":"OracleService challengeReport signs with the configured investor key, never the admin key","invocations":1,"location":null,"numPassingAsserts":1,"retryReasons":[],"status":"passed","title":"signs with the configured investor key, never the admin key"},{"ancestorTitles":["OracleService","challengeReport"],"duration":3,"failureDetails":[],"failureMessages":[],"fullName":"OracleService challengeReport rejects counter-evidence that is not CIDv0","invocations":1,"location":null,"numPassingAsserts":2,"retryReasons":[],"status":"passed","title":"rejects counter-evidence that is not CIDv0"},{"ancestorTitles":["OracleService","challengeReport"],"duration":8,"failureDetails":[],"failureMessages":[],"fullName":"OracleService challengeReport rejects a JWT wallet that differs from the configured signer","invocations":1,"location":null,"numPassingAsserts":1,"retryReasons":[],"status":"passed","title":"rejects a JWT wallet that differs from the configured signer"},{"ancestorTitles":["OracleService","challengeReport"],"duration":11,"failureDetails":[],"failureMessages":[],"fullName":"OracleService challengeReport allows at most three challenges per wallet in 24 hours","invocations":1,"location":null,"numPassingAsserts":2,"retryReasons":[],"status":"passed","title":"allows at most three challenges per wallet in 24 hours"},{"ancestorTitles":["OracleService","challengeReport"],"duration":87,"failureDetails":[],"failureMessages":[],"fullName":"OracleService challengeReport maps a ChallengeAlreadyExists contract error (code 20) to a ConflictException","invocations":1,"location":null,"numPassingAsserts":2,"retryReasons":[],"status":"passed","title":"maps a ChallengeAlreadyExists contract error (code 20) to a ConflictException"},{"ancestorTitles":["OracleService","challengeReport"],"duration":4,"failureDetails":[],"failureMessages":[],"fullName":"OracleService challengeReport propagates other contract failures from challenge_report unchanged","invocations":1,"location":null,"numPassingAsserts":1,"retryReasons":[],"status":"passed","title":"propagates other contract failures from challenge_report unchanged"},{"ancestorTitles":["OracleService","decodeReport"],"duration":2,"failureDetails":[],"failureMessages":[],"fullName":"OracleService decodeReport maps the contract Report struct to a ReportResponse, skipping the biodiversity field","invocations":1,"location":null,"numPassingAsserts":1,"retryReasons":[],"status":"passed","title":"maps the contract Report struct to a ReportResponse, skipping the biodiversity field"},{"ancestorTitles":["OracleService","decodeReport"],"duration":2,"failureDetails":[],"failureMessages":[],"fullName":"OracleService decodeReport maps status index 0 to Pending","invocations":1,"location":null,"numPassingAsserts":1,"retryReasons":[],"status":"passed","title":"maps status index 0 to Pending"},{"ancestorTitles":["OracleService","decodeReport"],"duration":2,"failureDetails":[],"failureMessages":[],"fullName":"OracleService decodeReport maps status index 1 to Verified","invocations":1,"location":null,"numPassingAsserts":1,"retryReasons":[],"status":"passed","title":"maps status index 1 to Verified"},{"ancestorTitles":["OracleService","decodeReport"],"duration":2,"failureDetails":[],"failureMessages":[],"fullName":"OracleService decodeReport maps status index 2 to Challenged","invocations":1,"location":null,"numPassingAsserts":1,"retryReasons":[],"status":"passed","title":"maps status index 2 to Challenged"},{"ancestorTitles":["OracleService","decodeReport"],"duration":2,"failureDetails":[],"failureMessages":[],"fullName":"OracleService decodeReport maps status index 3 to Rejected","invocations":1,"location":null,"numPassingAsserts":1,"retryReasons":[],"status":"passed","title":"maps status index 3 to Rejected"},{"ancestorTitles":["OracleService","decodeSlashRecord"],"duration":4,"failureDetails":[],"failureMessages":[],"fullName":"OracleService decodeSlashRecord maps a SlashRecord struct to a SlashRecord response","invocations":1,"location":null,"numPassingAsserts":1,"retryReasons":[],"status":"passed","title":"maps a SlashRecord struct to a SlashRecord response"},{"ancestorTitles":["OracleService","decodeSlashRecord"],"duration":1,"failureDetails":[],"failureMessages":[],"fullName":"OracleService decodeSlashRecord handles array-encoded structs","invocations":1,"location":null,"numPassingAsserts":1,"retryReasons":[],"status":"passed","title":"handles array-encoded structs"},{"ancestorTitles":["OracleService","decodeChallengeRecord"],"duration":3,"failureDetails":[],"failureMessages":[],"fullName":"OracleService decodeChallengeRecord maps a Challenge struct to a ChallengeRecord response","invocations":1,"location":null,"numPassingAsserts":1,"retryReasons":[],"status":"passed","title":"maps a Challenge struct to a ChallengeRecord response"},{"ancestorTitles":["OracleService","decodeChallengeRecord"],"duration":2,"failureDetails":[],"failureMessages":[],"fullName":"OracleService decodeChallengeRecord returns null resolution for unresolved challenges","invocations":1,"location":null,"numPassingAsserts":1,"retryReasons":[],"status":"passed","title":"returns null resolution for unresolved challenges"},{"ancestorTitles":["OracleService","toRecord / field"],"duration":2,"failureDetails":[],"failureMessages":[],"fullName":"OracleService toRecord / field prefers object keys over array indices","invocations":1,"location":null,"numPassingAsserts":2,"retryReasons":[],"status":"passed","title":"prefers object keys over array indices"},{"ancestorTitles":["OracleService","listProviders"],"duration":14,"failureDetails":[],"failureMessages":[],"fullName":"OracleService listProviders returns registered providers with stake and on-chain metadata","invocations":1,"location":null,"numPassingAsserts":2,"retryReasons":[],"status":"passed","title":"returns registered providers with stake and on-chain metadata"},{"ancestorTitles":["OracleService","listProviders"],"duration":8,"failureDetails":[],"failureMessages":[],"fullName":"OracleService listProviders skips providers whose on-chain lookup fails","invocations":1,"location":null,"numPassingAsserts":3,"retryReasons":[],"status":"passed","title":"skips providers whose on-chain lookup fails"},{"ancestorTitles":["OracleService","mergeProviderHealth"],"duration":5,"failureDetails":[],"failureMessages":[],"fullName":"OracleService mergeProviderHealth adds healthy off-chain health status from the monitoring report","invocations":1,"location":null,"numPassingAsserts":1,"retryReasons":[],"status":"passed","title":"adds healthy off-chain health status from the monitoring report"},{"ancestorTitles":["OracleService","mergeProviderHealth"],"duration":1,"failureDetails":[],"failureMessages":[],"fullName":"OracleService mergeProviderHealth marks stale providers","invocations":1,"location":null,"numPassingAsserts":1,"retryReasons":[],"status":"passed","title":"marks stale providers"},{"ancestorTitles":["OracleService","mergeProviderHealth"],"duration":2,"failureDetails":[],"failureMessages":[],"fullName":"OracleService mergeProviderHealth reports unknown health when the provider has no monitoring data","invocations":1,"location":null,"numPassingAsserts":1,"retryReasons":[],"status":"passed","title":"reports unknown health when the provider has no monitoring data"},{"ancestorTitles":["OracleService","mergeProviderHealth"],"duration":1,"failureDetails":[],"failureMessages":[],"fullName":"OracleService mergeProviderHealth returns providers unchanged when health monitoring is unavailable","invocations":1,"location":null,"numPassingAsserts":1,"retryReasons":[],"status":"passed","title":"returns providers unchanged when health monitoring is unavailable"},{"ancestorTitles":["OracleService","hasReportForPeriod"],"duration":2,"failureDetails":[],"failureMessages":[],"fullName":"OracleService hasReportForPeriod returns true when a non-rejected report covers the period for the provider","invocations":1,"location":null,"numPassingAsserts":1,"retryReasons":[],"status":"passed","title":"returns true when a non-rejected report covers the period for the provider"},{"ancestorTitles":["OracleService","hasReportForPeriod"],"duration":2,"failureDetails":[],"failureMessages":[],"fullName":"OracleService hasReportForPeriod returns false when only rejected reports cover the period","invocations":1,"location":null,"numPassingAsserts":1,"retryReasons":[],"status":"passed","title":"returns false when only rejected reports cover the period"},{"ancestorTitles":["OracleService","hasReportForPeriod"],"duration":1,"failureDetails":[],"failureMessages":[],"fullName":"OracleService hasReportForPeriod returns false when no report matches the provider or period","invocations":1,"location":null,"numPassingAsserts":1,"retryReasons":[],"status":"passed","title":"returns false when no report matches the provider or period"},{"ancestorTitles":["OracleService","submitReport"],"duration":8,"failureDetails":[],"failureMessages":[],"fullName":"OracleService submitReport resolves a metadata hash to the registry numeric project id before submit_report","invocations":1,"location":null,"numPassingAsserts":2,"retryReasons":[],"status":"passed","title":"resolves a metadata hash to the registry numeric project id before submit_report"},{"ancestorTitles":["OracleService","submitReport"],"duration":2,"failureDetails":[{"response":{"message":"PROJECT_REGISTRY_ADDRESS is not configured","error":"Bad Request","statusCode":400},"status":400,"options":{},"message":"PROJECT_REGISTRY_ADDRESS is not configured","name":"BadRequestException"}],"failureMessages":["BadRequestException: PROJECT_REGISTRY_ADDRESS is not configured\n    at OracleService.resolveProjectId (C:\\Users\\Jenola\\OneDrive\\Documents\\GitHub\\nbs-bond-protocol\\api\\src\\oracle\\oracle.service.ts:83:13)\n    at OracleService.submitReport (C:\\Users\\Jenola\\OneDrive\\Documents\\GitHub\\nbs-bond-protocol\\api\\src\\oracle\\oracle.service.ts:113:42)\n    at Object.<anonymous> (C:\\Users\\Jenola\\OneDrive\\Documents\\GitHub\\nbs-bond-protocol\\api\\src\\oracle\\oracle.service.spec.ts:565:28)\n    at Promise.then.completed (C:\\Users\\Jenola\\OneDrive\\Documents\\GitHub\\nbs-bond-protocol\\api\\node_modules\\jest-circus\\build\\utils.js:298:28)\n    at new Promise (<anonymous>)\n    at callAsyncCircusFn (C:\\Users\\Jenola\\OneDrive\\Documents\\GitHub\\nbs-bond-protocol\\api\\node_modules\\jest-circus\\build\\utils.js:231:10)\n    at _callCircusTest (C:\\Users\\Jenola\\OneDrive\\Documents\\GitHub\\nbs-bond-protocol\\api\\node_modules\\jest-circus\\build\\run.js:316:40)\n    at _runTest (C:\\Users\\Jenola\\OneDrive\\Documents\\GitHub\\nbs-bond-protocol\\api\\node_modules\\jest-circus\\build\\run.js:252:3)\n    at _runTestsForDescribeBlock (C:\\Users\\Jenola\\OneDrive\\Documents\\GitHub\\nbs-bond-protocol\\api\\node_modules\\jest-circus\\build\\run.js:126:9)\n    at _runTestsForDescribeBlock (C:\\Users\\Jenola\\OneDrive\\Documents\\GitHub\\nbs-bond-protocol\\api\\node_modules\\jest-circus\\build\\run.js:121:9)\n    at _runTestsForDescribeBlock (C:\\Users\\Jenola\\OneDrive\\Documents\\GitHub\\nbs-bond-protocol\\api\\node_modules\\jest-circus\\build\\run.js:121:9)\n    at run (C:\\Users\\Jenola\\OneDrive\\Documents\\GitHub\\nbs-bond-protocol\\api\\node_modules\\jest-circus\\build\\run.js:71:3)\n    at runAndTransformResultsToJestFormat (C:\\Users\\Jenola\\OneDrive\\Documents\\GitHub\\nbs-bond-protocol\\api\\node_modules\\jest-circus\\build\\legacy-code-todo-rewrite\\jestAdapterInit.js:122:21)\n    at jestAdapter (C:\\Users\\Jenola\\OneDrive\\Documents\\GitHub\\nbs-bond-protocol\\api\\node_modules\\jest-circus\\build\\legacy-code-todo-rewrite\\jestAdapter.js:79:19)\n    at runTestInternal (C:\\Users\\Jenola\\OneDrive\\Documents\\GitHub\\nbs-bond-protocol\\api\\node_modules\\jest-runner\\build\\runTest.js:367:16)\n    at runTest (C:\\Users\\Jenola\\OneDrive\\Documents\\GitHub\\nbs-bond-protocol\\api\\node_modules\\jest-runner\\build\\runTest.js:444:34)"],"fullName":"OracleService submitReport allocates nonce for the admin signer, not the provider address","invocations":1,"location":null,"numPassingAsserts":0,"retryReasons":[],"status":"failed","title":"allocates nonce for the admin signer, not the provider address"},{"ancestorTitles":["OracleService","submitReport"],"duration":5,"failureDetails":[{"response":{"message":"PROJECT_REGISTRY_ADDRESS is not configured","error":"Bad Request","statusCode":400},"status":400,"options":{},"message":"PROJECT_REGISTRY_ADDRESS is not configured","name":"BadRequestException"}],"failureMessages":["BadRequestException: PROJECT_REGISTRY_ADDRESS is not configured\n    at OracleService.resolveProjectId (C:\\Users\\Jenola\\OneDrive\\Documents\\GitHub\\nbs-bond-protocol\\api\\src\\oracle\\oracle.service.ts:83:13)\n    at OracleService.submitReport (C:\\Users\\Jenola\\OneDrive\\Documents\\GitHub\\nbs-bond-protocol\\api\\src\\oracle\\oracle.service.ts:113:42)\n    at Object.<anonymous> (C:\\Users\\Jenola\\OneDrive\\Documents\\GitHub\\nbs-bond-protocol\\api\\src\\oracle\\oracle.service.spec.ts:605:28)\n    at Promise.then.completed (C:\\Users\\Jenola\\OneDrive\\Documents\\GitHub\\nbs-bond-protocol\\api\\node_modules\\jest-circus\\build\\utils.js:298:28)\n    at new Promise (<anonymous>)\n    at callAsyncCircusFn (C:\\Users\\Jenola\\OneDrive\\Documents\\GitHub\\nbs-bond-protocol\\api\\node_modules\\jest-circus\\build\\utils.js:231:10)\n    at _callCircusTest (C:\\Users\\Jenola\\OneDrive\\Documents\\GitHub\\nbs-bond-protocol\\api\\node_modules\\jest-circus\\build\\run.js:316:40)\n    at _runTest (C:\\Users\\Jenola\\OneDrive\\Documents\\GitHub\\nbs-bond-protocol\\api\\node_modules\\jest-circus\\build\\run.js:252:3)\n    at _runTestsForDescribeBlock (C:\\Users\\Jenola\\OneDrive\\Documents\\GitHub\\nbs-bond-protocol\\api\\node_modules\\jest-circus\\build\\run.js:126:9)\n    at _runTestsForDescribeBlock (C:\\Users\\Jenola\\OneDrive\\Documents\\GitHub\\nbs-bond-protocol\\api\\node_modules\\jest-circus\\build\\run.js:121:9)\n    at _runTestsForDescribeBlock (C:\\Users\\Jenola\\OneDrive\\Documents\\GitHub\\nbs-bond-protocol\\api\\node_modules\\jest-circus\\build\\run.js:121:9)\n    at run (C:\\Users\\Jenola\\OneDrive\\Documents\\GitHub\\nbs-bond-protocol\\api\\node_modules\\jest-circus\\build\\run.js:71:3)\n    at runAndTransformResultsToJestFormat (C:\\Users\\Jenola\\OneDrive\\Documents\\GitHub\\nbs-bond-protocol\\api\\node_modules\\jest-circus\\build\\legacy-code-todo-rewrite\\jestAdapterInit.js:122:21)\n    at jestAdapter (C:\\Users\\Jenola\\OneDrive\\Documents\\GitHub\\nbs-bond-protocol\\api\\node_modules\\jest-circus\\build\\legacy-code-todo-rewrite\\jestAdapter.js:79:19)\n    at runTestInternal (C:\\Users\\Jenola\\OneDrive\\Documents\\GitHub\\nbs-bond-protocol\\api\\node_modules\\jest-runner\\build\\runTest.js:367:16)\n    at runTest (C:\\Users\\Jenola\\OneDrive\\Documents\\GitHub\\nbs-bond-protocol\\api\\node_modules\\jest-runner\\build\\runTest.js:444:34)"],"fullName":"OracleService submitReport signs the transaction with the admin secret","invocations":1,"location":null,"numPassingAsserts":0,"retryReasons":[],"status":"failed","title":"signs the transaction with the admin secret"},{"ancestorTitles":["OracleService","registerProvider"],"duration":5,"failureDetails":[],"failureMessages":[],"fullName":"OracleService registerProvider registers a provider through the contract and returns a success response","invocations":1,"location":null,"numPassingAsserts":7,"retryReasons":[],"status":"passed","title":"registers a provider through the contract and returns a success response"},{"ancestorTitles":["OracleService","registerProvider"],"duration":5,"failureDetails":[],"failureMessages":[],"fullName":"OracleService registerProvider maps a ProviderAlreadyExists contract error to a ConflictException","invocations":1,"location":null,"numPassingAsserts":2,"retryReasons":[],"status":"passed","title":"maps a ProviderAlreadyExists contract error to a ConflictException"},{"ancestorTitles":["OracleService","registerProvider"],"duration":3,"failureDetails":[],"failureMessages":[],"fullName":"OracleService registerProvider propagates other contract failures as BadRequestException","invocations":1,"location":null,"numPassingAsserts":1,"retryReasons":[],"status":"passed","title":"propagates other contract failures as BadRequestException"}],"endTime":1787573555404,"message":"\u001b[1m\u001b[31m  \u001b[1m● \u001b[22m\u001b[1mOracleService › submitReport › allocates nonce for the admin signer, not the provider address\u001b[39m\u001b[22m\n\n    BadRequestException: PROJECT_REGISTRY_ADDRESS is not configured\n\u001b[2m\u001b[22m\n\u001b[2m    \u001b[0m \u001b[90m 81 |\u001b[39m     \u001b[36mconst\u001b[39m registryAddress \u001b[33m=\u001b[39m \u001b[33mPROJECT_REGISTRY\u001b[39m()\u001b[33m;\u001b[39m\u001b[22m\n\u001b[2m     \u001b[90m 82 |\u001b[39m     \u001b[36mif\u001b[39m (\u001b[33m!\u001b[39mregistryAddress) {\u001b[22m\n\u001b[2m    \u001b[31m\u001b[1m>\u001b[22m\u001b[2m\u001b[39m\u001b[90m 83 |\u001b[39m       \u001b[36mthrow\u001b[39m \u001b[36mnew\u001b[39m \u001b[33mBadRequestException\u001b[39m(\u001b[32m'PROJECT_REGISTRY_ADDRESS is not configured'\u001b[39m)\u001b[33m;\u001b[39m\u001b[22m\n\u001b[2m     \u001b[90m    |\u001b[39m             \u001b[31m\u001b[1m^\u001b[22m\u001b[2m\u001b[39m\u001b[22m\n\u001b[2m     \u001b[90m 84 |\u001b[39m     }\u001b[22m\n\u001b[2m     \u001b[90m 85 |\u001b[39m\u001b[22m\n\u001b[2m     \u001b[90m 86 |\u001b[39m     \u001b[36mtry\u001b[39m {\u001b[0m\u001b[22m\n\u001b[2m\u001b[22m\n\u001b[2m      \u001b[2mat OracleService.resolveProjectId (\u001b[22m\u001b[2moracle/oracle.service.ts\u001b[2m:83:13)\u001b[22m\u001b[2m\u001b[22m\n\u001b[2m      \u001b[2mat OracleService.submitReport (\u001b[22m\u001b[2moracle/oracle.service.ts\u001b[2m:113:42)\u001b[22m\u001b[2m\u001b[22m\n\u001b[2m      \u001b[2mat Object.<anonymous> (\u001b[22m\u001b[2m\u001b[0m\u001b[36moracle/oracle.service.spec.ts\u001b[39m\u001b[0m\u001b[2m:565:28)\u001b[22m\u001b[2m\u001b[22m\n\n\u001b[1m\u001b[31m  \u001b[1m● \u001b[22m\u001b[1mOracleService › submitReport › signs the transaction with the admin secret\u001b[39m\u001b[22m\n\n    BadRequestException: PROJECT_REGISTRY_ADDRESS is not configured\n\u001b[2m\u001b[22m\n\u001b[2m    \u001b[0m \u001b[90m 81 |\u001b[39m     \u001b[36mconst\u001b[39m registryAddress \u001b[33m=\u001b[39m \u001b[33mPROJECT_REGISTRY\u001b[39m()\u001b[33m;\u001b[39m\u001b[22m\n\u001b[2m     \u001b[90m 82 |\u001b[39m     \u001b[36mif\u001b[39m (\u001b[33m!\u001b[39mregistryAddress) {\u001b[22m\n\u001b[2m    \u001b[31m\u001b[1m>\u001b[22m\u001b[2m\u001b[39m\u001b[90m 83 |\u001b[39m       \u001b[36mthrow\u001b[39m \u001b[36mnew\u001b[39m \u001b[33mBadRequestException\u001b[39m(\u001b[32m'PROJECT_REGISTRY_ADDRESS is not configured'\u001b[39m)\u001b[33m;\u001b[39m\u001b[22m\n\u001b[2m     \u001b[90m    |\u001b[39m             \u001b[31m\u001b[1m^\u001b[22m\u001b[2m\u001b[39m\u001b[22m\n\u001b[2m     \u001b[90m 84 |\u001b[39m     }\u001b[22m\n\u001b[2m     \u001b[90m 85 |\u001b[39m\u001b[22m\n\u001b[2m     \u001b[90m 86 |\u001b[39m     \u001b[36mtry\u001b[39m {\u001b[0m\u001b[22m\n\u001b[2m\u001b[22m\n\u001b[2m      \u001b[2mat OracleService.resolveProjectId (\u001b[22m\u001b[2moracle/oracle.service.ts\u001b[2m:83:13)\u001b[22m\u001b[2m\u001b[22m\n\u001b[2m      \u001b[2mat OracleService.submitReport (\u001b[22m\u001b[2moracle/oracle.service.ts\u001b[2m:113:42)\u001b[22m\u001b[2m\u001b[22m\n\u001b[2m      \u001b[2mat Object.<anonymous> (\u001b[22m\u001b[2m\u001b[0m\u001b[36moracle/oracle.service.spec.ts\u001b[39m\u001b[0m\u001b[2m:605:28)\u001b[22m\u001b[2m\u001b[22m\n","name":"C:\\Users\\Jenola\\OneDrive\\Documents\\GitHub\\nbs-bond-protocol\\api\\src\\oracle\\oracle.service.spec.ts","startTime":1787573534405,"status":"failed","summary":""}],"wasInterrupted":false}
